13:54:16 **** Incremental Build of configuration Debug for project FAN_CONTROLLER_SPEED ****
make all 
Building file: ../MCAL/PWM.c
Invoking: AVR Compiler
avr-gcc -Wall -g2 -gstabs -O0 -fpack-struct -fshort-enums -ffunction-sections -fdata-sections -std=gnu99 -funsigned-char -funsigned-bitfields -mmcu=atmega16 -DF_CPU=1000000UL -MMD -MP -MF"MCAL/PWM.d" -MT"MCAL/PWM.o" -c -o "MCAL/PWM.o" "../MCAL/PWM.c"
../MCAL/PWM.c:8:1: warning: "F_CPU" redefined
<command-line>: warning: this is the location of the previous definition
Finished building: ../MCAL/PWM.c
 
Building target: FAN_CONTROLLER_SPEED.elf
Invoking: AVR C Linker
avr-gcc -Wl,-Map,FAN_CONTROLLER_SPEED.map -mmcu=atmega32 -o "FAN_CONTROLLER_SPEED.elf"  ./MCAL/DIO.o ./MCAL/PWM.o ./MCAL/adc.o  ./HAL/LCD.o ./HAL/dc_motor.o ./HAL/lm35_sensor.o  ./main.o   
Finished building target: FAN_CONTROLLER_SPEED.elf
 
Invoking: AVR Create Extended Listing
avr-objdump -h -S FAN_CONTROLLER_SPEED.elf  >"FAN_CONTROLLER_SPEED.lss"
Finished building: FAN_CONTROLLER_SPEED.lss
 
Invoking: Print Size
avr-size --format=avr --mcu=atmega32 FAN_CONTROLLER_SPEED.elf
AVR Memory Usage
----------------
Device: atmega32

Program:   13616 bytes (41.6% Full)
(.text + .data + .bootloader)

Data:        328 bytes (16.0% Full)
(.data + .bss + .noinit)


Finished building: sizedummy
 

13:54:20 Build Finished. 0 errors, 1 warnings. (took 3s.781ms)

