08:41:42 **** Incremental Build of configuration Debug for project pwm_test ****
make all 
Building file: ../main.c
Invoking: AVR Compiler
avr-gcc -Wall -g2 -gstabs -O0 -fpack-struct -fshort-enums -ffunction-sections -fdata-sections -std=gnu99 -funsigned-char -funsigned-bitfields -mmcu=atmega32 -DF_CPU=1000000UL -MMD -MP -MF"main.d" -MT"main.o" -c -o "main.o" "../main.c"
../MCAL/PWM.h:42: warning: 'CONFIG' defined but not used
Finished building: ../main.c
 
Building target: pwm_test.elf
Invoking: AVR C Linker
avr-gcc -Wl,-Map,pwm_test.map -mmcu=atmega32 -o "pwm_test.elf"  ./MCAL/DIO.o ./MCAL/PWM.o ./MCAL/adc.o  ./main.o   
Finished building target: pwm_test.elf
 
Invoking: AVR Create Extended Listing
avr-objdump -h -S pwm_test.elf  >"pwm_test.lss"
Finished building: pwm_test.lss
 
Invoking: Print Size
avr-size --format=avr --mcu=atmega32 pwm_test.elf
AVR Memory Usage
----------------
Device: atmega32

Program:    4130 bytes (12.6% Full)
(.text + .data + .bootloader)

Data:         12 bytes (0.6% Full)
(.data + .bss + .noinit)


Finished building: sizedummy
 
